[handleMsg]:  {
  key: {
    remoteJid: '18494355601@s.whatsapp.net',
    fromMe: false,
    id: 'D0871A373778CFF523C29A2D68A2ECED',
    participant: undefined
  },
  messageTimestamp: 1710114581,
  pushName: 'george Miami',
  broadcast: false,
  message: Message {
    conversation: 'Hola',
    messageContextInfo: MessageContextInfo {
      deviceListMetadata: [DeviceListMetadata],
      deviceListMetadataVersion: 2
    }
  },
  verifiedBizName: 'george Miami',
  body: 'Hola',
  from: '18494355601'
}
[QUEUE_SE_ENVIO]:  {
  ref: 'ans_20494585-07a9-4a45-930e-06bd7b3e2639',
  keyword: 'key_e51bc6ab-6d6e-4fea-a9e7-a96e156ca377',
  answer: '¡Hola!👋 bienvenido a *S&F Pecado Capital*, en que podemos colaborarte hoy 😎💸',
  options: {
    media: null,
    buttons: [],
    capture: false,
    child: null,
    delay: 0,
    idle: null,
    ref: null,
    nested: [],
    keyword: {},
    callback: false
  },
  refSerialize: 'b7cecd8b1a11b241f2197f0d41b4e70e'
}
[QUEUE_SE_ENVIO]:  {
  ref: 'ans_686a995a-4bae-4d26-84d2-ace616e9feeb',
  keyword: 'ans_20494585-07a9-4a45-930e-06bd7b3e2639',
  answer: 'Nuestro horario de atención 📅 es de Lunes a Sabado de *9 a.m. - 5 p.m.*',
  options: {
    media: null,
    buttons: [],
    capture: false,
    child: null,
    delay: 0,
    idle: null,
    ref: null,
    nested: [],
    keyword: {},
    callback: false
  },
  refSerialize: '03bf387fda8db82c960bd20b4ae4b653'
}
[QUEUE_SE_ENVIO]:  {
  ref: 'ans_94f6019c-621c-4c2f-8189-c173e2ff2c2a',
  keyword: 'ans_686a995a-4bae-4d26-84d2-ace616e9feeb',
  answer: 'En que podemos colaborarte Hoy\n' +
    '*1.* Comunicarte con tu asesor\n' +
    '*2.* Estado de cuenta\n' +
    '*3.* Nuevo credito\n' +
    '*4.* Numeros y cuentas de pago\n' +
    '*5.* Confirmacion de pago y soporte de pago\n' +
    '*6.* Desembolso',
  options: {
    media: null,
    buttons: [],
    capture: false,
    child: null,
    delay: 0,
    idle: null,
    ref: null,
    nested: [
      [Object], [Object],
      [Object], [Object],
      [Object], [Object],
      [Object], [Object],
      [Object], [Object],
      [Object], [Object]
    ],
    keyword: {},
    callback: false
  },
  refSerialize: 'cb1e4e53ca45c6900a9640f97796fed6'
}
[handleMsg]:  {
  key: {
    remoteJid: '18494355601@s.whatsapp.net',
    fromMe: false,
    id: 'F841BB5603FD6813E496B2A1F3CCE271',
    participant: undefined
  },
  messageTimestamp: 1710114584,
  pushName: 'george Miami',
  broadcast: false,
  message: Message {
    conversation: '4',
    messageContextInfo: MessageContextInfo {
      deviceListMetadata: [DeviceListMetadata],
      deviceListMetadataVersion: 2
    }
  },
  verifiedBizName: 'george Miami',
  body: '4',
  from: '18494355601'
}
[QUEUE_SE_ENVIO]:  {
  ref: 'ans_7523bae9-1a1c-4f13-9097-f6b12b714165',
  keyword: 'key_4458d45e-d12d-4c64-9be4-86d744a4b4a8',
  answer: '📲 Nequi ➡️ 3202474936\n' +
    '📲 Daviplata ➡️ 3208119581\n' +
    '🏦 Bancolombia\n' +
    'cuenta de ahorros ➡️ 15800000486',
  options: {
    media: null,
    buttons: [],
    capture: false,
    child: null,
    delay: 0,
    idle: null,
    ref: null,
    nested: [],
    keyword: {},
    callback: false
  },
  refSerialize: '98a24eb9914811f0f72f0d5ce1dc902d'
}
[handleMsg]:  {
  key: {
    remoteJid: '18494355601@s.whatsapp.net',
    fromMe: false,
    id: 'FD93EF7E3B7C52059A1F1D065B071185',
    participant: undefined
  },
  messageTimestamp: 1710114592,
  pushName: 'george Miami',
  broadcast: false,
  message: Message {
    conversation: 'L',
    messageContextInfo: MessageContextInfo {
      deviceListMetadata: [DeviceListMetadata],
      deviceListMetadataVersion: 2
    }
  },
  verifiedBizName: 'george Miami',
  body: 'L',
  from: '18494355601'
}
[QUEUE_SE_ENVIO]:  {
  ref: 'ans_20494585-07a9-4a45-930e-06bd7b3e2639',
  keyword: 'key_e51bc6ab-6d6e-4fea-a9e7-a96e156ca377',
  answer: '¡Hola!👋 bienvenido a *S&F Pecado Capital*, en que podemos colaborarte hoy 😎💸',
  options: {
    media: null,
    buttons: [],
    capture: false,
    child: null,
    delay: 0,
    idle: null,
    ref: null,
    nested: [],
    keyword: {},
    callback: false
  },
  refSerialize: 'b7cecd8b1a11b241f2197f0d41b4e70e'
}
[QUEUE_SE_ENVIO]:  {
  ref: 'ans_686a995a-4bae-4d26-84d2-ace616e9feeb',
  keyword: 'ans_20494585-07a9-4a45-930e-06bd7b3e2639',
  answer: 'Nuestro horario de atención 📅 es de Lunes a Sabado de *9 a.m. - 5 p.m.*',
  options: {
    media: null,
    buttons: [],
    capture: false,
    child: null,
    delay: 0,
    idle: null,
    ref: null,
    nested: [],
    keyword: {},
    callback: false
  },
  refSerialize: '03bf387fda8db82c960bd20b4ae4b653'
}
[QUEUE_SE_ENVIO]:  {
  ref: 'ans_94f6019c-621c-4c2f-8189-c173e2ff2c2a',
  keyword: 'ans_686a995a-4bae-4d26-84d2-ace616e9feeb',
  answer: 'En que podemos colaborarte Hoy\n' +
    '*1.* Comunicarte con tu asesor\n' +
    '*2.* Estado de cuenta\n' +
    '*3.* Nuevo credito\n' +
    '*4.* Numeros y cuentas de pago\n' +
    '*5.* Confirmacion de pago y soporte de pago\n' +
    '*6.* Desembolso',
  options: {
    media: null,
    buttons: [],
    capture: false,
    child: null,
    delay: 0,
    idle: null,
    ref: null,
    nested: [
      [Object], [Object],
      [Object], [Object],
      [Object], [Object],
      [Object], [Object],
      [Object], [Object],
      [Object], [Object]
    ],
    keyword: {},
    callback: false
  },
  refSerialize: 'cb1e4e53ca45c6900a9640f97796fed6'
}
[handleMsg]:  {
  key: {
    remoteJid: '18494355601@s.whatsapp.net',
    fromMe: false,
    id: '741F7C4B8420C83D0E05FBA86A53F281',
    participant: undefined
  },
  messageTimestamp: 1710114595,
  pushName: 'george Miami',
  broadcast: false,
  message: Message {
    conversation: '5',
    messageContextInfo: MessageContextInfo {
      deviceListMetadata: [DeviceListMetadata],
      deviceListMetadataVersion: 2
    }
  },
  verifiedBizName: 'george Miami',
  body: '5',
  from: '18494355601'
}
[QUEUE_SE_ENVIO]:  {
  ref: 'ans_db8a5520-8975-4984-9efb-348a4bbfc7db',
  keyword: 'key_0b1bf258-197b-4135-a537-3a0216a9add6',
  answer: '📄 En un momento te confirmaremos si tu pago fue exitoso🫰💹💵 ',
  options: {
    media: null,
    buttons: [],
    capture: false,
    child: null,
    delay: 0,
    idle: null,
    ref: null,
    nested: [],
    keyword: {},
    callback: false
  },
  refSerialize: '21f6392eeec1daa3c450ebf8dae4f815'
}
[handleMsg]:  {
  key: {
    remoteJid: '18494355601@s.whatsapp.net',
    fromMe: false,
    id: '84024B485E1103EC7D5EA5C5587BB692',
    participant: undefined
  },
  messageTimestamp: 1710115002,
  pushName: 'george Miami',
  broadcast: false,
  message: Message {
    conversation: 'Kdkdjdbdbeej',
    messageContextInfo: MessageContextInfo {
      deviceListMetadata: [DeviceListMetadata],
      deviceListMetadataVersion: 2
    }
  },
  verifiedBizName: 'george Miami',
  body: 'Kdkdjdbdbeej',
  from: '18494355601'
}
[QUEUE_SE_ENVIO]:  {
  ref: 'ans_20494585-07a9-4a45-930e-06bd7b3e2639',
  keyword: 'key_e51bc6ab-6d6e-4fea-a9e7-a96e156ca377',
  answer: '¡Hola!👋 bienvenido a *S&F Pecado Capital*, en que podemos colaborarte hoy 😎💸',
  options: {
    media: null,
    buttons: [],
    capture: false,
    child: null,
    delay: 0,
    idle: null,
    ref: null,
    nested: [],
    keyword: {},
    callback: false
  },
  refSerialize: 'b7cecd8b1a11b241f2197f0d41b4e70e'
}
[QUEUE_SE_ENVIO]:  {
  ref: 'ans_686a995a-4bae-4d26-84d2-ace616e9feeb',
  keyword: 'ans_20494585-07a9-4a45-930e-06bd7b3e2639',
  answer: 'Nuestro horario de atención 📅 es de Lunes a Sabado de *9 a.m. - 5 p.m.*',
  options: {
    media: null,
    buttons: [],
    capture: false,
    child: null,
    delay: 0,
    idle: null,
    ref: null,
    nested: [],
    keyword: {},
    callback: false
  },
  refSerialize: '03bf387fda8db82c960bd20b4ae4b653'
}
[QUEUE_SE_ENVIO]:  {
  ref: 'ans_94f6019c-621c-4c2f-8189-c173e2ff2c2a',
  keyword: 'ans_686a995a-4bae-4d26-84d2-ace616e9feeb',
  answer: 'En que podemos colaborarte Hoy\n' +
    '*1.* Comunicarte con tu asesor\n' +
    '*2.* Estado de cuenta\n' +
    '*3.* Nuevo credito\n' +
    '*4.* Numeros y cuentas de pago\n' +
    '*5.* Confirmacion de pago y soporte de pago\n' +
    '*6.* Desembolso',
  options: {
    media: null,
    buttons: [],
    capture: false,
    child: null,
    delay: 0,
    idle: null,
    ref: null,
    nested: [
      [Object], [Object],
      [Object], [Object],
      [Object], [Object],
      [Object], [Object],
      [Object], [Object],
      [Object], [Object]
    ],
    keyword: {},
    callback: false
  },
  refSerialize: 'cb1e4e53ca45c6900a9640f97796fed6'
}
[handleMsg]:  {
  key: {
    remoteJid: '18494355601@s.whatsapp.net',
    fromMe: false,
    id: '8BC896261FAA742019D0ACD8C9104AC7',
    participant: undefined
  },
  messageTimestamp: 1710115005,
  pushName: 'george Miami',
  broadcast: false,
  message: Message {
    conversation: '1',
    messageContextInfo: MessageContextInfo {
      deviceListMetadata: [DeviceListMetadata],
      deviceListMetadataVersion: 2
    }
  },
  verifiedBizName: 'george Miami',
  body: '1',
  from: '18494355601'
}
[QUEUE_SE_ENVIO]:  {
  ref: 'ans_9c69016d-ae67-4696-b0b4-5cdf7d1f18ce',
  keyword: 'key_6118d47a-03a8-4685-ab96-60139cb4d27a',
  answer: ' 💁‍♂️ En un momento tu asesor personal se comunicara contigo',
  options: {
    media: null,
    buttons: [],
    capture: false,
    child: null,
    delay: 0,
    idle: null,
    ref: null,
    nested: [],
    keyword: {},
    callback: false
  },
  refSerialize: '2942618077c3869acc0b7114d25e447a'
}
[handleMsg]:  {
  key: {
    remoteJid: '18494355601@s.whatsapp.net',
    fromMe: false,
    id: 'D296C02D26A830F3437B9118E15AB91F',
    participant: undefined
  },
  messageTimestamp: 1710115007,
  pushName: 'george Miami',
  broadcast: false,
  message: Message {
    conversation: '4',
    messageContextInfo: MessageContextInfo {
      deviceListMetadata: [DeviceListMetadata],
      deviceListMetadataVersion: 2
    }
  },
  verifiedBizName: 'george Miami',
  body: '4',
  from: '18494355601'
}
[QUEUE_SE_ENVIO]:  {
  ref: 'ans_20494585-07a9-4a45-930e-06bd7b3e2639',
  keyword: 'key_e51bc6ab-6d6e-4fea-a9e7-a96e156ca377',
  answer: '¡Hola!👋 bienvenido a *S&F Pecado Capital*, en que podemos colaborarte hoy 😎💸',
  options: {
    media: null,
    buttons: [],
    capture: false,
    child: null,
    delay: 0,
    idle: null,
    ref: null,
    nested: [],
    keyword: {},
    callback: false
  },
  refSerialize: 'b7cecd8b1a11b241f2197f0d41b4e70e'
}
[QUEUE_SE_ENVIO]:  {
  ref: 'ans_686a995a-4bae-4d26-84d2-ace616e9feeb',
  keyword: 'ans_20494585-07a9-4a45-930e-06bd7b3e2639',
  answer: 'Nuestro horario de atención 📅 es de Lunes a Sabado de *9 a.m. - 5 p.m.*',
  options: {
    media: null,
    buttons: [],
    capture: false,
    child: null,
    delay: 0,
    idle: null,
    ref: null,
    nested: [],
    keyword: {},
    callback: false
  },
  refSerialize: '03bf387fda8db82c960bd20b4ae4b653'
}
[QUEUE_SE_ENVIO]:  {
  ref: 'ans_94f6019c-621c-4c2f-8189-c173e2ff2c2a',
  keyword: 'ans_686a995a-4bae-4d26-84d2-ace616e9feeb',
  answer: 'En que podemos colaborarte Hoy\n' +
    '*1.* Comunicarte con tu asesor\n' +
    '*2.* Estado de cuenta\n' +
    '*3.* Nuevo credito\n' +
    '*4.* Numeros y cuentas de pago\n' +
    '*5.* Confirmacion de pago y soporte de pago\n' +
    '*6.* Desembolso',
  options: {
    media: null,
    buttons: [],
    capture: false,
    child: null,
    delay: 0,
    idle: null,
    ref: null,
    nested: [
      [Object], [Object],
      [Object], [Object],
      [Object], [Object],
      [Object], [Object],
      [Object], [Object],
      [Object], [Object]
    ],
    keyword: {},
    callback: false
  },
  refSerialize: 'cb1e4e53ca45c6900a9640f97796fed6'
}
[handleMsg]:  {
  key: {
    remoteJid: '18494355601@s.whatsapp.net',
    fromMe: false,
    id: 'FE33564F68AE6CA43D491F5325DB92E5',
    participant: undefined
  },
  messageTimestamp: 1710115015,
  pushName: 'george Miami',
  broadcast: false,
  message: Message {
    conversation: '5',
    messageContextInfo: MessageContextInfo {
      deviceListMetadata: [DeviceListMetadata],
      deviceListMetadataVersion: 2
    }
  },
  verifiedBizName: 'george Miami',
  body: '5',
  from: '18494355601'
}
[QUEUE_SE_ENVIO]:  {
  ref: 'ans_db8a5520-8975-4984-9efb-348a4bbfc7db',
  keyword: 'key_0b1bf258-197b-4135-a537-3a0216a9add6',
  answer: '📄 En un momento te confirmaremos si tu pago fue exitoso🫰💹💵 ',
  options: {
    media: null,
    buttons: [],
    capture: false,
    child: null,
    delay: 0,
    idle: null,
    ref: null,
    nested: [],
    keyword: {},
    callback: false
  },
  refSerialize: '21f6392eeec1daa3c450ebf8dae4f815'
}
[handleMsg]:  {
  key: {
    remoteJid: '18494355601@s.whatsapp.net',
    fromMe: false,
    id: 'C15BDA14641150F8036C988E15D4030F',
    participant: undefined
  },
  messageTimestamp: 1710115019,
  pushName: 'george Miami',
  broadcast: false,
  message: Message {
    conversation: '2',
    messageContextInfo: MessageContextInfo {
      deviceListMetadata: [DeviceListMetadata],
      deviceListMetadataVersion: 2
    }
  },
  verifiedBizName: 'george Miami',
  body: '2',
  from: '18494355601'
}
[QUEUE_SE_ENVIO]:  {
  ref: 'ans_20494585-07a9-4a45-930e-06bd7b3e2639',
  keyword: 'key_e51bc6ab-6d6e-4fea-a9e7-a96e156ca377',
  answer: '¡Hola!👋 bienvenido a *S&F Pecado Capital*, en que podemos colaborarte hoy 😎💸',
  options: {
    media: null,
    buttons: [],
    capture: false,
    child: null,
    delay: 0,
    idle: null,
    ref: null,
    nested: [],
    keyword: {},
    callback: false
  },
  refSerialize: 'b7cecd8b1a11b241f2197f0d41b4e70e'
}
[QUEUE_SE_ENVIO]:  {
  ref: 'ans_686a995a-4bae-4d26-84d2-ace616e9feeb',
  keyword: 'ans_20494585-07a9-4a45-930e-06bd7b3e2639',
  answer: 'Nuestro horario de atención 📅 es de Lunes a Sabado de *9 a.m. - 5 p.m.*',
  options: {
    media: null,
    buttons: [],
    capture: false,
    child: null,
    delay: 0,
    idle: null,
    ref: null,
    nested: [],
    keyword: {},
    callback: false
  },
  refSerialize: '03bf387fda8db82c960bd20b4ae4b653'
}
[QUEUE_SE_ENVIO]:  {
  ref: 'ans_94f6019c-621c-4c2f-8189-c173e2ff2c2a',
  keyword: 'ans_686a995a-4bae-4d26-84d2-ace616e9feeb',
  answer: 'En que podemos colaborarte Hoy\n' +
    '*1.* Comunicarte con tu asesor\n' +
    '*2.* Estado de cuenta\n' +
    '*3.* Nuevo credito\n' +
    '*4.* Numeros y cuentas de pago\n' +
    '*5.* Confirmacion de pago y soporte de pago\n' +
    '*6.* Desembolso',
  options: {
    media: null,
    buttons: [],
    capture: false,
    child: null,
    delay: 0,
    idle: null,
    ref: null,
    nested: [
      [Object], [Object],
      [Object], [Object],
      [Object], [Object],
      [Object], [Object],
      [Object], [Object],
      [Object], [Object]
    ],
    keyword: {},
    callback: false
  },
  refSerialize: 'cb1e4e53ca45c6900a9640f97796fed6'
}
[handleMsg]:  {
  key: {
    remoteJid: '18494355601@s.whatsapp.net',
    fromMe: false,
    id: '853CAC97E5C0BF16ABFBBE42B5133CF3',
    participant: undefined
  },
  messageTimestamp: 1710115021,
  pushName: 'george Miami',
  broadcast: false,
  message: Message {
    conversation: '3',
    messageContextInfo: MessageContextInfo {
      deviceListMetadata: [DeviceListMetadata],
      deviceListMetadataVersion: 2
    }
  },
  verifiedBizName: 'george Miami',
  body: '3',
  from: '18494355601'
}
[QUEUE_SE_ENVIO]:  {
  ref: 'ans_2e2be04d-6c7a-4206-97e1-e80f441920eb',
  keyword: 'key_4a065e35-c159-4b68-8b9e-92a3871a738c',
  answer: ' 📑📱 En un momento un asesor se comunicara contigo para realizar el proceso',
  options: {
    media: null,
    buttons: [],
    capture: false,
    child: null,
    delay: 0,
    idle: null,
    ref: null,
    nested: [],
    keyword: {},
    callback: false
  },
  refSerialize: '17ccb5c9909fdaefe91b54625e754a72'
}
[handleMsg]:  {
  key: {
    remoteJid: '18494355601@s.whatsapp.net',
    fromMe: false,
    id: '38716EAD81B3362B5DDA113A65BB6005',
    participant: undefined
  },
  messageTimestamp: 1710115025,
  pushName: 'george Miami',
  broadcast: false,
  message: Message {
    conversation: '4',
    messageContextInfo: MessageContextInfo {
      deviceListMetadata: [DeviceListMetadata],
      deviceListMetadataVersion: 2
    }
  },
  verifiedBizName: 'george Miami',
  body: '4',
  from: '18494355601'
}
[QUEUE_SE_ENVIO]:  {
  ref: 'ans_20494585-07a9-4a45-930e-06bd7b3e2639',
  keyword: 'key_e51bc6ab-6d6e-4fea-a9e7-a96e156ca377',
  answer: '¡Hola!👋 bienvenido a *S&F Pecado Capital*, en que podemos colaborarte hoy 😎💸',
  options: {
    media: null,
    buttons: [],
    capture: false,
    child: null,
    delay: 0,
    idle: null,
    ref: null,
    nested: [],
    keyword: {},
    callback: false
  },
  refSerialize: 'b7cecd8b1a11b241f2197f0d41b4e70e'
}
[QUEUE_SE_ENVIO]:  {
  ref: 'ans_686a995a-4bae-4d26-84d2-ace616e9feeb',
  keyword: 'ans_20494585-07a9-4a45-930e-06bd7b3e2639',
  answer: 'Nuestro horario de atención 📅 es de Lunes a Sabado de *9 a.m. - 5 p.m.*',
  options: {
    media: null,
    buttons: [],
    capture: false,
    child: null,
    delay: 0,
    idle: null,
    ref: null,
    nested: [],
    keyword: {},
    callback: false
  },
  refSerialize: '03bf387fda8db82c960bd20b4ae4b653'
}
[QUEUE_SE_ENVIO]:  {
  ref: 'ans_94f6019c-621c-4c2f-8189-c173e2ff2c2a',
  keyword: 'ans_686a995a-4bae-4d26-84d2-ace616e9feeb',
  answer: 'En que podemos colaborarte Hoy\n' +
    '*1.* Comunicarte con tu asesor\n' +
    '*2.* Estado de cuenta\n' +
    '*3.* Nuevo credito\n' +
    '*4.* Numeros y cuentas de pago\n' +
    '*5.* Confirmacion de pago y soporte de pago\n' +
    '*6.* Desembolso',
  options: {
    media: null,
    buttons: [],
    capture: false,
    child: null,
    delay: 0,
    idle: null,
    ref: null,
    nested: [
      [Object], [Object],
      [Object], [Object],
      [Object], [Object],
      [Object], [Object],
      [Object], [Object],
      [Object], [Object]
    ],
    keyword: {},
    callback: false
  },
  refSerialize: 'cb1e4e53ca45c6900a9640f97796fed6'
}
[handleMsg]:  {
  key: {
    remoteJid: '18494355601@s.whatsapp.net',
    fromMe: false,
    id: '84CF5BD357BB6CC9BC403C2676660033',
    participant: undefined
  },
  messageTimestamp: 1710115038,
  pushName: 'george Miami',
  broadcast: false,
  message: Message {
    conversation: '5',
    messageContextInfo: MessageContextInfo {
      deviceListMetadata: [DeviceListMetadata],
      deviceListMetadataVersion: 2
    }
  },
  verifiedBizName: 'george Miami',
  body: '5',
  from: '18494355601'
}
[QUEUE_SE_ENVIO]:  {
  ref: 'ans_db8a5520-8975-4984-9efb-348a4bbfc7db',
  keyword: 'key_0b1bf258-197b-4135-a537-3a0216a9add6',
  answer: '📄 En un momento te confirmaremos si tu pago fue exitoso🫰💹💵 ',
  options: {
    media: null,
    buttons: [],
    capture: false,
    child: null,
    delay: 0,
    idle: null,
    ref: null,
    nested: [],
    keyword: {},
    callback: false
  },
  refSerialize: '21f6392eeec1daa3c450ebf8dae4f815'
}
[handleMsg]:  {
  key: {
    remoteJid: '18494355601@s.whatsapp.net',
    fromMe: false,
    id: '8FFD23995F1684B2C191804D5B92BC01',
    participant: undefined
  },
  messageTimestamp: 1710115045,
  pushName: 'george Miami',
  broadcast: false,
  message: Message {
    conversation: '4',
    messageContextInfo: MessageContextInfo {
      deviceListMetadata: [DeviceListMetadata],
      deviceListMetadataVersion: 2
    }
  },
  verifiedBizName: 'george Miami',
  body: '4',
  from: '18494355601'
}
[QUEUE_SE_ENVIO]:  {
  ref: 'ans_20494585-07a9-4a45-930e-06bd7b3e2639',
  keyword: 'key_e51bc6ab-6d6e-4fea-a9e7-a96e156ca377',
  answer: '¡Hola!👋 bienvenido a *S&F Pecado Capital*, en que podemos colaborarte hoy 😎💸',
  options: {
    media: null,
    buttons: [],
    capture: false,
    child: null,
    delay: 0,
    idle: null,
    ref: null,
    nested: [],
    keyword: {},
    callback: false
  },
  refSerialize: 'b7cecd8b1a11b241f2197f0d41b4e70e'
}
[QUEUE_SE_ENVIO]:  {
  ref: 'ans_686a995a-4bae-4d26-84d2-ace616e9feeb',
  keyword: 'ans_20494585-07a9-4a45-930e-06bd7b3e2639',
  answer: 'Nuestro horario de atención 📅 es de Lunes a Sabado de *9 a.m. - 5 p.m.*',
  options: {
    media: null,
    buttons: [],
    capture: false,
    child: null,
    delay: 0,
    idle: null,
    ref: null,
    nested: [],
    keyword: {},
    callback: false
  },
  refSerialize: '03bf387fda8db82c960bd20b4ae4b653'
}
[QUEUE_SE_ENVIO]:  {
  ref: 'ans_94f6019c-621c-4c2f-8189-c173e2ff2c2a',
  keyword: 'ans_686a995a-4bae-4d26-84d2-ace616e9feeb',
  answer: 'En que podemos colaborarte Hoy\n' +
    '*1.* Comunicarte con tu asesor\n' +
    '*2.* Estado de cuenta\n' +
    '*3.* Nuevo credito\n' +
    '*4.* Numeros y cuentas de pago\n' +
    '*5.* Confirmacion de pago y soporte de pago\n' +
    '*6.* Desembolso',
  options: {
    media: null,
    buttons: [],
    capture: false,
    child: null,
    delay: 0,
    idle: null,
    ref: null,
    nested: [
      [Object], [Object],
      [Object], [Object],
      [Object], [Object],
      [Object], [Object],
      [Object], [Object],
      [Object], [Object]
    ],
    keyword: {},
    callback: false
  },
  refSerialize: 'cb1e4e53ca45c6900a9640f97796fed6'
}
[handleMsg]:  {
  key: {
    remoteJid: '18494355601@s.whatsapp.net',
    fromMe: false,
    id: 'E44156D430F553C8696C91DA9E8734E7',
    participant: undefined
  },
  messageTimestamp: 1710115062,
  pushName: 'george Miami',
  broadcast: false,
  message: Message {
    conversation: '4',
    messageContextInfo: MessageContextInfo {
      deviceListMetadata: [DeviceListMetadata],
      deviceListMetadataVersion: 2
    }
  },
  verifiedBizName: 'george Miami',
  body: '4',
  from: '18494355601'
}
[QUEUE_SE_ENVIO]:  {
  ref: 'ans_7523bae9-1a1c-4f13-9097-f6b12b714165',
  keyword: 'key_4458d45e-d12d-4c64-9be4-86d744a4b4a8',
  answer: '📲 Nequi ➡️ 3202474936\n' +
    '📲 Daviplata ➡️ 3208119581\n' +
    '🏦 Bancolombia\n' +
    'cuenta de ahorros ➡️ 15800000486',
  options: {
    media: null,
    buttons: [],
    capture: false,
    child: null,
    delay: 0,
    idle: null,
    ref: null,
    nested: [],
    keyword: {},
    callback: false
  },
  refSerialize: '98a24eb9914811f0f72f0d5ce1dc902d'
}
[handleMsg]:  {
  key: {
    remoteJid: '18494355601@s.whatsapp.net',
    fromMe: false,
    id: 'CDDCE4AA9271D457A2C93880C9B38A02',
    participant: undefined
  },
  messageTimestamp: 1710115076,
  pushName: 'george Miami',
  broadcast: false,
  message: Message {
    conversation: 'Xmxnxbdn',
    messageContextInfo: MessageContextInfo {
      deviceListMetadata: [DeviceListMetadata],
      deviceListMetadataVersion: 2
    }
  },
  verifiedBizName: 'george Miami',
  body: 'Xmxnxbdn',
  from: '18494355601'
}
[QUEUE_SE_ENVIO]:  {
  ref: 'ans_20494585-07a9-4a45-930e-06bd7b3e2639',
  keyword: 'key_e51bc6ab-6d6e-4fea-a9e7-a96e156ca377',
  answer: '¡Hola!👋 bienvenido a *S&F Pecado Capital*, en que podemos colaborarte hoy 😎💸',
  options: {
    media: null,
    buttons: [],
    capture: false,
    child: null,
    delay: 0,
    idle: null,
    ref: null,
    nested: [],
    keyword: {},
    callback: false
  },
  refSerialize: 'b7cecd8b1a11b241f2197f0d41b4e70e'
}
[QUEUE_SE_ENVIO]:  {
  ref: 'ans_686a995a-4bae-4d26-84d2-ace616e9feeb',
  keyword: 'ans_20494585-07a9-4a45-930e-06bd7b3e2639',
  answer: 'Nuestro horario de atención 📅 es de Lunes a Sabado de *9 a.m. - 5 p.m.*',
  options: {
    media: null,
    buttons: [],
    capture: false,
    child: null,
    delay: 0,
    idle: null,
    ref: null,
    nested: [],
    keyword: {},
    callback: false
  },
  refSerialize: '03bf387fda8db82c960bd20b4ae4b653'
}
[QUEUE_SE_ENVIO]:  {
  ref: 'ans_94f6019c-621c-4c2f-8189-c173e2ff2c2a',
  keyword: 'ans_686a995a-4bae-4d26-84d2-ace616e9feeb',
  answer: 'En que podemos colaborarte Hoy\n' +
    '*1.* Comunicarte con tu asesor\n' +
    '*2.* Estado de cuenta\n' +
    '*3.* Nuevo credito\n' +
    '*4.* Numeros y cuentas de pago\n' +
    '*5.* Confirmacion de pago y soporte de pago\n' +
    '*6.* Desembolso',
  options: {
    media: null,
    buttons: [],
    capture: false,
    child: null,
    delay: 0,
    idle: null,
    ref: null,
    nested: [
      [Object], [Object],
      [Object], [Object],
      [Object], [Object],
      [Object], [Object],
      [Object], [Object],
      [Object], [Object]
    ],
    keyword: {},
    callback: false
  },
  refSerialize: 'cb1e4e53ca45c6900a9640f97796fed6'
}
[handleMsg]:  {
  key: {
    remoteJid: '18494355601@s.whatsapp.net',
    fromMe: false,
    id: '90DD12042B989E769FE32A7F3A130FB6',
    participant: undefined
  },
  messageTimestamp: 1710115080,
  pushName: 'george Miami',
  broadcast: false,
  message: Message {
    conversation: '4',
    messageContextInfo: MessageContextInfo {
      deviceListMetadata: [DeviceListMetadata],
      deviceListMetadataVersion: 2
    }
  },
  verifiedBizName: 'george Miami',
  body: '4',
  from: '18494355601'
}
[QUEUE_SE_ENVIO]:  {
  ref: 'ans_7523bae9-1a1c-4f13-9097-f6b12b714165',
  keyword: 'key_4458d45e-d12d-4c64-9be4-86d744a4b4a8',
  answer: '📲 Nequi ➡️ 3202474936\n' +
    '📲 Daviplata ➡️ 3208119581\n' +
    '🏦 Bancolombia\n' +
    'cuenta de ahorros ➡️ 15800000486',
  options: {
    media: null,
    buttons: [],
    capture: false,
    child: null,
    delay: 0,
    idle: null,
    ref: null,
    nested: [],
    keyword: {},
    callback: false
  },
  refSerialize: '98a24eb9914811f0f72f0d5ce1dc902d'
}
[handleMsg]:  {
  key: {
    remoteJid: '18494355601@s.whatsapp.net',
    fromMe: false,
    id: '1FDEF49B5FFE9666E89E0DF62959F6EA',
    participant: undefined
  },
  messageTimestamp: 1710115083,
  pushName: 'george Miami',
  broadcast: false,
  message: Message {
    conversation: '5',
    messageContextInfo: MessageContextInfo {
      deviceListMetadata: [DeviceListMetadata],
      deviceListMetadataVersion: 2
    }
  },
  verifiedBizName: 'george Miami',
  body: '5',
  from: '18494355601'
}
[QUEUE_SE_ENVIO]:  {
  ref: 'ans_20494585-07a9-4a45-930e-06bd7b3e2639',
  keyword: 'key_e51bc6ab-6d6e-4fea-a9e7-a96e156ca377',
  answer: '¡Hola!👋 bienvenido a *S&F Pecado Capital*, en que podemos colaborarte hoy 😎💸',
  options: {
    media: null,
    buttons: [],
    capture: false,
    child: null,
    delay: 0,
    idle: null,
    ref: null,
    nested: [],
    keyword: {},
    callback: false
  },
  refSerialize: 'b7cecd8b1a11b241f2197f0d41b4e70e'
}
[QUEUE_SE_ENVIO]:  {
  ref: 'ans_686a995a-4bae-4d26-84d2-ace616e9feeb',
  keyword: 'ans_20494585-07a9-4a45-930e-06bd7b3e2639',
  answer: 'Nuestro horario de atención 📅 es de Lunes a Sabado de *9 a.m. - 5 p.m.*',
  options: {
    media: null,
    buttons: [],
    capture: false,
    child: null,
    delay: 0,
    idle: null,
    ref: null,
    nested: [],
    keyword: {},
    callback: false
  },
  refSerialize: '03bf387fda8db82c960bd20b4ae4b653'
}
[QUEUE_SE_ENVIO]:  {
  ref: 'ans_94f6019c-621c-4c2f-8189-c173e2ff2c2a',
  keyword: 'ans_686a995a-4bae-4d26-84d2-ace616e9feeb',
  answer: 'En que podemos colaborarte Hoy\n' +
    '*1.* Comunicarte con tu asesor\n' +
    '*2.* Estado de cuenta\n' +
    '*3.* Nuevo credito\n' +
    '*4.* Numeros y cuentas de pago\n' +
    '*5.* Confirmacion de pago y soporte de pago\n' +
    '*6.* Desembolso',
  options: {
    media: null,
    buttons: [],
    capture: false,
    child: null,
    delay: 0,
    idle: null,
    ref: null,
    nested: [
      [Object], [Object],
      [Object], [Object],
      [Object], [Object],
      [Object], [Object],
      [Object], [Object],
      [Object], [Object]
    ],
    keyword: {},
    callback: false
  },
  refSerialize: 'cb1e4e53ca45c6900a9640f97796fed6'
}
[handleMsg]:  {
  key: {
    remoteJid: '18494355601@s.whatsapp.net',
    fromMe: false,
    id: '88F4CD1D2070E46BDE6FBFB2F0A0FF6F',
    participant: undefined
  },
  messageTimestamp: 1710115086,
  pushName: 'george Miami',
  broadcast: false,
  message: Message {
    conversation: '6',
    messageContextInfo: MessageContextInfo {
      deviceListMetadata: [DeviceListMetadata],
      deviceListMetadataVersion: 2
    }
  },
  verifiedBizName: 'george Miami',
  body: '6',
  from: '18494355601'
}
[QUEUE_SE_ENVIO]:  {
  ref: 'ans_d19857f2-79b1-44e9-bb56-b09d9bd6699a',
  keyword: 'key_944ba092-c1c8-4054-84c8-40b531898ec5',
  answer: '📄 Aquí tenemos el flujo secundario 6',
  options: {
    media: null,
    buttons: [],
    capture: false,
    child: null,
    delay: 0,
    idle: null,
    ref: null,
    nested: [],
    keyword: {},
    callback: false
  },
  refSerialize: 'bb6285972683031d43953054ee9df3bc'
}
[handleMsg]:  {
  key: {
    remoteJid: '18494355601@s.whatsapp.net',
    fromMe: false,
    id: '7BCA638E17416C62F2F46DF653900E4B',
    participant: undefined
  },
  messageTimestamp: 1710115097,
  pushName: 'george Miami',
  broadcast: false,
  message: Message {
    conversation: '7',
    messageContextInfo: MessageContextInfo {
      deviceListMetadata: [DeviceListMetadata],
      deviceListMetadataVersion: 2
    }
  },
  verifiedBizName: 'george Miami',
  body: '7',
  from: '18494355601'
}
[QUEUE_SE_ENVIO]:  {
  ref: 'ans_20494585-07a9-4a45-930e-06bd7b3e2639',
  keyword: 'key_e51bc6ab-6d6e-4fea-a9e7-a96e156ca377',
  answer: '¡Hola!👋 bienvenido a *S&F Pecado Capital*, en que podemos colaborarte hoy 😎💸',
  options: {
    media: null,
    buttons: [],
    capture: false,
    child: null,
    delay: 0,
    idle: null,
    ref: null,
    nested: [],
    keyword: {},
    callback: false
  },
  refSerialize: 'b7cecd8b1a11b241f2197f0d41b4e70e'
}
[QUEUE_SE_ENVIO]:  {
  ref: 'ans_686a995a-4bae-4d26-84d2-ace616e9feeb',
  keyword: 'ans_20494585-07a9-4a45-930e-06bd7b3e2639',
  answer: 'Nuestro horario de atención 📅 es de Lunes a Sabado de *9 a.m. - 5 p.m.*',
  options: {
    media: null,
    buttons: [],
    capture: false,
    child: null,
    delay: 0,
    idle: null,
    ref: null,
    nested: [],
    keyword: {},
    callback: false
  },
  refSerialize: '03bf387fda8db82c960bd20b4ae4b653'
}
[QUEUE_SE_ENVIO]:  {
  ref: 'ans_94f6019c-621c-4c2f-8189-c173e2ff2c2a',
  keyword: 'ans_686a995a-4bae-4d26-84d2-ace616e9feeb',
  answer: 'En que podemos colaborarte Hoy\n' +
    '*1.* Comunicarte con tu asesor\n' +
    '*2.* Estado de cuenta\n' +
    '*3.* Nuevo credito\n' +
    '*4.* Numeros y cuentas de pago\n' +
    '*5.* Confirmacion de pago y soporte de pago\n' +
    '*6.* Desembolso',
  options: {
    media: null,
    buttons: [],
    capture: false,
    child: null,
    delay: 0,
    idle: null,
    ref: null,
    nested: [
      [Object], [Object],
      [Object], [Object],
      [Object], [Object],
      [Object], [Object],
      [Object], [Object],
      [Object], [Object]
    ],
    keyword: {},
    callback: false
  },
  refSerialize: 'cb1e4e53ca45c6900a9640f97796fed6'
}
[handleMsg]:  {
  key: {
    remoteJid: '18494355601@s.whatsapp.net',
    fromMe: false,
    id: '660549BAC3383CFA48C9FF2AB22458B0',
    participant: undefined
  },
  messageTimestamp: 1710115100,
  pushName: 'george Miami',
  broadcast: false,
  message: Message {
    conversation: '10',
    messageContextInfo: MessageContextInfo {
      deviceListMetadata: [DeviceListMetadata],
      deviceListMetadataVersion: 2
    }
  },
  verifiedBizName: 'george Miami',
  body: '10',
  from: '18494355601'
}
[QUEUE_SE_ENVIO]:  {
  ref: 'ans_9c69016d-ae67-4696-b0b4-5cdf7d1f18ce',
  keyword: 'key_6118d47a-03a8-4685-ab96-60139cb4d27a',
  answer: ' 💁‍♂️ En un momento tu asesor personal se comunicara contigo',
  options: {
    media: null,
    buttons: [],
    capture: false,
    child: null,
    delay: 0,
    idle: null,
    ref: null,
    nested: [],
    keyword: {},
    callback: false
  },
  refSerialize: '2942618077c3869acc0b7114d25e447a'
}
[handleMsg]:  {
  key: {
    remoteJid: '18494355601@s.whatsapp.net',
    fromMe: false,
    id: 'C821CA4DEF412CFEE9D00E538BEA3667',
    participant: undefined
  },
  messageTimestamp: 1710115104,
  pushName: 'george Miami',
  broadcast: false,
  message: Message {
    conversation: '6',
    messageContextInfo: MessageContextInfo {
      deviceListMetadata: [DeviceListMetadata],
      deviceListMetadataVersion: 2
    }
  },
  verifiedBizName: 'george Miami',
  body: '6',
  from: '18494355601'
}
[QUEUE_SE_ENVIO]:  {
  ref: 'ans_20494585-07a9-4a45-930e-06bd7b3e2639',
  keyword: 'key_e51bc6ab-6d6e-4fea-a9e7-a96e156ca377',
  answer: '¡Hola!👋 bienvenido a *S&F Pecado Capital*, en que podemos colaborarte hoy 😎💸',
  options: {
    media: null,
    buttons: [],
    capture: false,
    child: null,
    delay: 0,
    idle: null,
    ref: null,
    nested: [],
    keyword: {},
    callback: false
  },
  refSerialize: 'b7cecd8b1a11b241f2197f0d41b4e70e'
}
[QUEUE_SE_ENVIO]:  {
  ref: 'ans_686a995a-4bae-4d26-84d2-ace616e9feeb',
  keyword: 'ans_20494585-07a9-4a45-930e-06bd7b3e2639',
  answer: 'Nuestro horario de atención 📅 es de Lunes a Sabado de *9 a.m. - 5 p.m.*',
  options: {
    media: null,
    buttons: [],
    capture: false,
    child: null,
    delay: 0,
    idle: null,
    ref: null,
    nested: [],
    keyword: {},
    callback: false
  },
  refSerialize: '03bf387fda8db82c960bd20b4ae4b653'
}
[QUEUE_SE_ENVIO]:  {
  ref: 'ans_94f6019c-621c-4c2f-8189-c173e2ff2c2a',
  keyword: 'ans_686a995a-4bae-4d26-84d2-ace616e9feeb',
  answer: 'En que podemos colaborarte Hoy\n' +
    '*1.* Comunicarte con tu asesor\n' +
    '*2.* Estado de cuenta\n' +
    '*3.* Nuevo credito\n' +
    '*4.* Numeros y cuentas de pago\n' +
    '*5.* Confirmacion de pago y soporte de pago\n' +
    '*6.* Desembolso',
  options: {
    media: null,
    buttons: [],
    capture: false,
    child: null,
    delay: 0,
    idle: null,
    ref: null,
    nested: [
      [Object], [Object],
      [Object], [Object],
      [Object], [Object],
      [Object], [Object],
      [Object], [Object],
      [Object], [Object]
    ],
    keyword: {},
    callback: false
  },
  refSerialize: 'cb1e4e53ca45c6900a9640f97796fed6'
}
[handleMsg]:  {
  key: {
    remoteJid: '18494355601@s.whatsapp.net',
    fromMe: false,
    id: 'C445141B6CDE0ABB9C1135C153EBB161',
    participant: undefined
  },
  messageTimestamp: 1710115108,
  pushName: 'george Miami',
  broadcast: false,
  message: Message {
    conversation: '1',
    messageContextInfo: MessageContextInfo {
      deviceListMetadata: [DeviceListMetadata],
      deviceListMetadataVersion: 2
    }
  },
  verifiedBizName: 'george Miami',
  body: '1',
  from: '18494355601'
}
[QUEUE_SE_ENVIO]:  {
  ref: 'ans_9c69016d-ae67-4696-b0b4-5cdf7d1f18ce',
  keyword: 'key_6118d47a-03a8-4685-ab96-60139cb4d27a',
  answer: ' 💁‍♂️ En un momento tu asesor personal se comunicara contigo',
  options: {
    media: null,
    buttons: [],
    capture: false,
    child: null,
    delay: 0,
    idle: null,
    ref: null,
    nested: [],
    keyword: {},
    callback: false
  },
  refSerialize: '2942618077c3869acc0b7114d25e447a'
}
[handleMsg]:  {
  key: {
    remoteJid: '18494355601@s.whatsapp.net',
    fromMe: false,
    id: 'F43ED9E3DCCB9BA70999200B552D6ADB',
    participant: undefined
  },
  messageTimestamp: 1710115111,
  pushName: 'george Miami',
  broadcast: false,
  message: Message {
    conversation: '2',
    messageContextInfo: MessageContextInfo {
      deviceListMetadata: [DeviceListMetadata],
      deviceListMetadataVersion: 2
    }
  },
  verifiedBizName: 'george Miami',
  body: '2',
  from: '18494355601'
}
[QUEUE_SE_ENVIO]:  {
  ref: 'ans_20494585-07a9-4a45-930e-06bd7b3e2639',
  keyword: 'key_e51bc6ab-6d6e-4fea-a9e7-a96e156ca377',
  answer: '¡Hola!👋 bienvenido a *S&F Pecado Capital*, en que podemos colaborarte hoy 😎💸',
  options: {
    media: null,
    buttons: [],
    capture: false,
    child: null,
    delay: 0,
    idle: null,
    ref: null,
    nested: [],
    keyword: {},
    callback: false
  },
  refSerialize: 'b7cecd8b1a11b241f2197f0d41b4e70e'
}
[QUEUE_SE_ENVIO]:  {
  ref: 'ans_686a995a-4bae-4d26-84d2-ace616e9feeb',
  keyword: 'ans_20494585-07a9-4a45-930e-06bd7b3e2639',
  answer: 'Nuestro horario de atención 📅 es de Lunes a Sabado de *9 a.m. - 5 p.m.*',
  options: {
    media: null,
    buttons: [],
    capture: false,
    child: null,
    delay: 0,
    idle: null,
    ref: null,
    nested: [],
    keyword: {},
    callback: false
  },
  refSerialize: '03bf387fda8db82c960bd20b4ae4b653'
}
[QUEUE_SE_ENVIO]:  {
  ref: 'ans_94f6019c-621c-4c2f-8189-c173e2ff2c2a',
  keyword: 'ans_686a995a-4bae-4d26-84d2-ace616e9feeb',
  answer: 'En que podemos colaborarte Hoy\n' +
    '*1.* Comunicarte con tu asesor\n' +
    '*2.* Estado de cuenta\n' +
    '*3.* Nuevo credito\n' +
    '*4.* Numeros y cuentas de pago\n' +
    '*5.* Confirmacion de pago y soporte de pago\n' +
    '*6.* Desembolso',
  options: {
    media: null,
    buttons: [],
    capture: false,
    child: null,
    delay: 0,
    idle: null,
    ref: null,
    nested: [
      [Object], [Object],
      [Object], [Object],
      [Object], [Object],
      [Object], [Object],
      [Object], [Object],
      [Object], [Object]
    ],
    keyword: {},
    callback: false
  },
  refSerialize: 'cb1e4e53ca45c6900a9640f97796fed6'
}
[handleMsg]:  {
  key: {
    remoteJid: '18494355601@s.whatsapp.net',
    fromMe: false,
    id: '01229DDC35D68786138CE3B5B5E72C4E',
    participant: undefined
  },
  messageTimestamp: 1710115114,
  pushName: 'george Miami',
  broadcast: false,
  message: Message {
    conversation: '2',
    messageContextInfo: MessageContextInfo {
      deviceListMetadata: [DeviceListMetadata],
      deviceListMetadataVersion: 2
    }
  },
  verifiedBizName: 'george Miami',
  body: '2',
  from: '18494355601'
}
[QUEUE_SE_ENVIO]:  {
  ref: 'ans_6044ff23-9d76-46b8-8424-3a0245a20f1a',
  keyword: 'key_8c03db9e-e25f-4d59-94a2-2dc315f02c4e',
  answer: ' 💹 En un momento te enviaremos tu estado de Cuenta',
  options: {
    media: null,
    buttons: [],
    capture: false,
    child: null,
    delay: 0,
    idle: null,
    ref: null,
    nested: [],
    keyword: {},
    callback: false
  },
  refSerialize: 'be477506398b778475e1bd1a93d97044'
}
[handleMsg]:  {
  key: {
    remoteJid: '18494355601@s.whatsapp.net',
    fromMe: false,
    id: 'AA43505775E96A85666E47283D1D15F4',
    participant: undefined
  },
  messageTimestamp: 1710115118,
  pushName: 'george Miami',
  broadcast: false,
  message: Message {
    conversation: '3',
    messageContextInfo: MessageContextInfo {
      deviceListMetadata: [DeviceListMetadata],
      deviceListMetadataVersion: 2
    }
  },
  verifiedBizName: 'george Miami',
  body: '3',
  from: '18494355601'
}
[QUEUE_SE_ENVIO]:  {
  ref: 'ans_20494585-07a9-4a45-930e-06bd7b3e2639',
  keyword: 'key_e51bc6ab-6d6e-4fea-a9e7-a96e156ca377',
  answer: '¡Hola!👋 bienvenido a *S&F Pecado Capital*, en que podemos colaborarte hoy 😎💸',
  options: {
    media: null,
    buttons: [],
    capture: false,
    child: null,
    delay: 0,
    idle: null,
    ref: null,
    nested: [],
    keyword: {},
    callback: false
  },
  refSerialize: 'b7cecd8b1a11b241f2197f0d41b4e70e'
}
[QUEUE_SE_ENVIO]:  {
  ref: 'ans_686a995a-4bae-4d26-84d2-ace616e9feeb',
  keyword: 'ans_20494585-07a9-4a45-930e-06bd7b3e2639',
  answer: 'Nuestro horario de atención 📅 es de Lunes a Sabado de *9 a.m. - 5 p.m.*',
  options: {
    media: null,
    buttons: [],
    capture: false,
    child: null,
    delay: 0,
    idle: null,
    ref: null,
    nested: [],
    keyword: {},
    callback: false
  },
  refSerialize: '03bf387fda8db82c960bd20b4ae4b653'
}
[QUEUE_SE_ENVIO]:  {
  ref: 'ans_94f6019c-621c-4c2f-8189-c173e2ff2c2a',
  keyword: 'ans_686a995a-4bae-4d26-84d2-ace616e9feeb',
  answer: 'En que podemos colaborarte Hoy\n' +
    '*1.* Comunicarte con tu asesor\n' +
    '*2.* Estado de cuenta\n' +
    '*3.* Nuevo credito\n' +
    '*4.* Numeros y cuentas de pago\n' +
    '*5.* Confirmacion de pago y soporte de pago\n' +
    '*6.* Desembolso',
  options: {
    media: null,
    buttons: [],
    capture: false,
    child: null,
    delay: 0,
    idle: null,
    ref: null,
    nested: [
      [Object], [Object],
      [Object], [Object],
      [Object], [Object],
      [Object], [Object],
      [Object], [Object],
      [Object], [Object]
    ],
    keyword: {},
    callback: false
  },
  refSerialize: 'cb1e4e53ca45c6900a9640f97796fed6'
}
[handleMsg]:  {
  key: {
    remoteJid: '18494355601@s.whatsapp.net',
    fromMe: false,
    id: '7B895C931D0BE7BC14BD46EB8A5B634E',
    participant: undefined
  },
  messageTimestamp: 1710115121,
  pushName: 'george Miami',
  broadcast: false,
  message: Message {
    conversation: '3',
    messageContextInfo: MessageContextInfo {
      deviceListMetadata: [DeviceListMetadata],
      deviceListMetadataVersion: 2
    }
  },
  verifiedBizName: 'george Miami',
  body: '3',
  from: '18494355601'
}
[QUEUE_SE_ENVIO]:  {
  ref: 'ans_2e2be04d-6c7a-4206-97e1-e80f441920eb',
  keyword: 'key_4a065e35-c159-4b68-8b9e-92a3871a738c',
  answer: ' 📑📱 En un momento un asesor se comunicara contigo para realizar el proceso',
  options: {
    media: null,
    buttons: [],
    capture: false,
    child: null,
    delay: 0,
    idle: null,
    ref: null,
    nested: [],
    keyword: {},
    callback: false
  },
  refSerialize: '17ccb5c9909fdaefe91b54625e754a72'
}
[handleMsg]:  {
  key: {
    remoteJid: '18494355601@s.whatsapp.net',
    fromMe: false,
    id: 'BB16423BD3FBA3AB4E7BBE6B81AB7B86',
    participant: undefined
  },
  messageTimestamp: 1710115124,
  pushName: 'george Miami',
  broadcast: false,
  message: Message {
    conversation: '4',
    messageContextInfo: MessageContextInfo {
      deviceListMetadata: [DeviceListMetadata],
      deviceListMetadataVersion: 2
    }
  },
  verifiedBizName: 'george Miami',
  body: '4',
  from: '18494355601'
}
[QUEUE_SE_ENVIO]:  {
  ref: 'ans_20494585-07a9-4a45-930e-06bd7b3e2639',
  keyword: 'key_e51bc6ab-6d6e-4fea-a9e7-a96e156ca377',
  answer: '¡Hola!👋 bienvenido a *S&F Pecado Capital*, en que podemos colaborarte hoy 😎💸',
  options: {
    media: null,
    buttons: [],
    capture: false,
    child: null,
    delay: 0,
    idle: null,
    ref: null,
    nested: [],
    keyword: {},
    callback: false
  },
  refSerialize: 'b7cecd8b1a11b241f2197f0d41b4e70e'
}
[QUEUE_SE_ENVIO]:  {
  ref: 'ans_686a995a-4bae-4d26-84d2-ace616e9feeb',
  keyword: 'ans_20494585-07a9-4a45-930e-06bd7b3e2639',
  answer: 'Nuestro horario de atención 📅 es de Lunes a Sabado de *9 a.m. - 5 p.m.*',
  options: {
    media: null,
    buttons: [],
    capture: false,
    child: null,
    delay: 0,
    idle: null,
    ref: null,
    nested: [],
    keyword: {},
    callback: false
  },
  refSerialize: '03bf387fda8db82c960bd20b4ae4b653'
}
[QUEUE_SE_ENVIO]:  {
  ref: 'ans_94f6019c-621c-4c2f-8189-c173e2ff2c2a',
  keyword: 'ans_686a995a-4bae-4d26-84d2-ace616e9feeb',
  answer: 'En que podemos colaborarte Hoy\n' +
    '*1.* Comunicarte con tu asesor\n' +
    '*2.* Estado de cuenta\n' +
    '*3.* Nuevo credito\n' +
    '*4.* Numeros y cuentas de pago\n' +
    '*5.* Confirmacion de pago y soporte de pago\n' +
    '*6.* Desembolso',
  options: {
    media: null,
    buttons: [],
    capture: false,
    child: null,
    delay: 0,
    idle: null,
    ref: null,
    nested: [
      [Object], [Object],
      [Object], [Object],
      [Object], [Object],
      [Object], [Object],
      [Object], [Object],
      [Object], [Object]
    ],
    keyword: {},
    callback: false
  },
  refSerialize: 'cb1e4e53ca45c6900a9640f97796fed6'
}
[handleMsg]:  {
  key: {
    remoteJid: '18494355601@s.whatsapp.net',
    fromMe: false,
    id: 'BBF5DDD7C50F18F4A492941B8368FF57',
    participant: undefined
  },
  messageTimestamp: 1710115127,
  pushName: 'george Miami',
  broadcast: false,
  message: Message {
    conversation: '4',
    messageContextInfo: MessageContextInfo {
      deviceListMetadata: [DeviceListMetadata],
      deviceListMetadataVersion: 2
    }
  },
  verifiedBizName: 'george Miami',
  body: '4',
  from: '18494355601'
}
[QUEUE_SE_ENVIO]:  {
  ref: 'ans_7523bae9-1a1c-4f13-9097-f6b12b714165',
  keyword: 'key_4458d45e-d12d-4c64-9be4-86d744a4b4a8',
  answer: '📲 Nequi ➡️ 3202474936\n' +
    '📲 Daviplata ➡️ 3208119581\n' +
    '🏦 Bancolombia\n' +
    'cuenta de ahorros ➡️ 15800000486',
  options: {
    media: null,
    buttons: [],
    capture: false,
    child: null,
    delay: 0,
    idle: null,
    ref: null,
    nested: [],
    keyword: {},
    callback: false
  },
  refSerialize: '98a24eb9914811f0f72f0d5ce1dc902d'
}
[handleMsg]:  {
  key: {
    remoteJid: '573103303982@s.whatsapp.net',
    fromMe: false,
    id: 'D740853353435038750517BFFFDCB1EE',
    participant: undefined
  },
  messageTimestamp: 1710115775,
  pushName: 'Bibiana',
  broadcast: false,
  message: Message {
    imageMessage: ImageMessage {
      interactiveAnnotations: [],
      scanLengths: [Array],
      url: 'https://mmg.whatsapp.net/v/t62.7118-24/40741387_391349103835460_5055114952372102998_n.enc?ccb=11-4&oh=01_AdSbIFBo-bScEE3U6Cl-hwQLiWFlIU5YrQC6UuWD5cmkLQ&oe=6615CD73&_nc_sid=5e03e0&mms3=true',
      mimetype: 'image/jpeg',
      fileSha256: [Uint8Array],
      fileLength: [Long],
      height: 1065,
      width: 540,
      mediaKey: [Uint8Array],
      fileEncSha256: [Uint8Array],
      directPath: '/v/t62.7118-24/40741387_391349103835460_5055114952372102998_n.enc?ccb=11-4&oh=01_AdSbIFBo-bScEE3U6Cl-hwQLiWFlIU5YrQC6UuWD5cmkLQ&oe=6615CD73&_nc_sid=5e03e0',
      mediaKeyTimestamp: [Long],
      jpegThumbnail: [Uint8Array],
      scansSidecar: [Uint8Array],
      midQualityFileSha256: [Uint8Array]
    },
    messageContextInfo: MessageContextInfo {
      deviceListMetadata: [DeviceListMetadata],
      deviceListMetadataVersion: 2
    }
  },
  body: '_event_media__cf146737-c12f-45b1-be08-ae4a85400be6',
  from: '573103303982'
}
[QUEUE_SE_ENVIO]:  {
  ref: 'ans_6db818e7-ffaa-45bc-85c4-3239ade55617',
  keyword: 'key_dc652037-859f-4160-af3a-0908c5304754',
  answer: 'En un momento te confirmaremos si tu pago fue exitoso🫰💹💵',
  options: {
    media: null,
    buttons: [],
    capture: false,
    child: null,
    delay: 0,
    idle: null,
    ref: null,
    nested: [],
    keyword: {},
    callback: false
  },
  refSerialize: 'a2135f21e9bc7dce3567f681e6748d7c'
}
[handleMsg]:  {
  key: {
    remoteJid: '573229362262@s.whatsapp.net',
    fromMe: false,
    id: '3A22757AC6A476B52FA4',
    participant: undefined
  },
  messageTimestamp: 1710116327,
  pushName: 'Andrey',
  broadcast: false,
  message: Message {
    conversation: 'Hola',
    messageContextInfo: MessageContextInfo {
      deviceListMetadata: [DeviceListMetadata],
      deviceListMetadataVersion: 2
    }
  },
  body: 'Hola',
  from: '573229362262'
}
[QUEUE_SE_ENVIO]:  {
  ref: 'ans_20494585-07a9-4a45-930e-06bd7b3e2639',
  keyword: 'key_e51bc6ab-6d6e-4fea-a9e7-a96e156ca377',
  answer: '¡Hola!👋 bienvenido a *S&F Pecado Capital*, en que podemos colaborarte hoy 😎💸',
  options: {
    media: null,
    buttons: [],
    capture: false,
    child: null,
    delay: 0,
    idle: null,
    ref: null,
    nested: [],
    keyword: {},
    callback: false
  },
  refSerialize: 'b7cecd8b1a11b241f2197f0d41b4e70e'
}
[QUEUE_SE_ENVIO]:  {
  ref: 'ans_686a995a-4bae-4d26-84d2-ace616e9feeb',
  keyword: 'ans_20494585-07a9-4a45-930e-06bd7b3e2639',
  answer: 'Nuestro horario de atención 📅 es de Lunes a Sabado de *9 a.m. - 5 p.m.*',
  options: {
    media: null,
    buttons: [],
    capture: false,
    child: null,
    delay: 0,
    idle: null,
    ref: null,
    nested: [],
    keyword: {},
    callback: false
  },
  refSerialize: '03bf387fda8db82c960bd20b4ae4b653'
}
[QUEUE_SE_ENVIO]:  {
  ref: 'ans_94f6019c-621c-4c2f-8189-c173e2ff2c2a',
  keyword: 'ans_686a995a-4bae-4d26-84d2-ace616e9feeb',
  answer: 'En que podemos colaborarte Hoy\n' +
    '*1.* Comunicarte con tu asesor\n' +
    '*2.* Estado de cuenta\n' +
    '*3.* Nuevo credito\n' +
    '*4.* Numeros y cuentas de pago\n' +
    '*5.* Confirmacion de pago y soporte de pago\n' +
    '*6.* Desembolso',
  options: {
    media: null,
    buttons: [],
    capture: false,
    child: null,
    delay: 0,
    idle: null,
    ref: null,
    nested: [
      [Object], [Object],
      [Object], [Object],
      [Object], [Object],
      [Object], [Object],
      [Object], [Object],
      [Object], [Object]
    ],
    keyword: {},
    callback: false
  },
  refSerialize: 'cb1e4e53ca45c6900a9640f97796fed6'
}
[handleMsg]:  {
  key: {
    remoteJid: '573229362262@s.whatsapp.net',
    fromMe: false,
    id: '3A77BB8FB4DB1372940C',
    participant: undefined
  },
  messageTimestamp: 1710116377,
  pushName: 'Andrey',
  broadcast: false,
  message: Message {
    conversation: 'Hola',
    messageContextInfo: MessageContextInfo {
      deviceListMetadata: [DeviceListMetadata],
      deviceListMetadataVersion: 2
    }
  },
  body: 'Hola',
  from: '573229362262'
}
[handleMsg]:  {
  key: {
    remoteJid: '573229362262@s.whatsapp.net',
    fromMe: false,
    id: '3A774FC2B69D21CC6BDB',
    participant: undefined
  },
  messageTimestamp: 1710116381,
  pushName: 'Andrey',
  broadcast: false,
  message: Message {
    conversation: 'Hola',
    messageContextInfo: MessageContextInfo {
      deviceListMetadata: [DeviceListMetadata],
      deviceListMetadataVersion: 2
    }
  },
  body: 'Hola',
  from: '573229362262'
}
[QUEUE_SE_ENVIO]:  {
  ref: 'ans_20494585-07a9-4a45-930e-06bd7b3e2639',
  keyword: 'key_e51bc6ab-6d6e-4fea-a9e7-a96e156ca377',
  answer: '¡Hola!👋 bienvenido a *S&F Pecado Capital*, en que podemos colaborarte hoy 😎💸',
  options: {
    media: null,
    buttons: [],
    capture: false,
    child: null,
    delay: 0,
    idle: null,
    ref: null,
    nested: [],
    keyword: {},
    callback: false
  },
  refSerialize: 'b7cecd8b1a11b241f2197f0d41b4e70e'
}
[QUEUE_SE_ENVIO]:  {
  ref: 'ans_686a995a-4bae-4d26-84d2-ace616e9feeb',
  keyword: 'ans_20494585-07a9-4a45-930e-06bd7b3e2639',
  answer: 'Nuestro horario de atención 📅 es de Lunes a Sabado de *9 a.m. - 5 p.m.*',
  options: {
    media: null,
    buttons: [],
    capture: false,
    child: null,
    delay: 0,
    idle: null,
    ref: null,
    nested: [],
    keyword: {},
    callback: false
  },
  refSerialize: '03bf387fda8db82c960bd20b4ae4b653'
}
[QUEUE_SE_ENVIO]:  {
  ref: 'ans_94f6019c-621c-4c2f-8189-c173e2ff2c2a',
  keyword: 'ans_686a995a-4bae-4d26-84d2-ace616e9feeb',
  answer: 'En que podemos colaborarte Hoy\n' +
    '*1.* Comunicarte con tu asesor\n' +
    '*2.* Estado de cuenta\n' +
    '*3.* Nuevo credito\n' +
    '*4.* Numeros y cuentas de pago\n' +
    '*5.* Confirmacion de pago y soporte de pago\n' +
    '*6.* Desembolso',
  options: {
    media: null,
    buttons: [],
    capture: false,
    child: null,
    delay: 0,
    idle: null,
    ref: null,
    nested: [
      [Object], [Object],
      [Object], [Object],
      [Object], [Object],
      [Object], [Object],
      [Object], [Object],
      [Object], [Object]
    ],
    keyword: {},
    callback: false
  },
  refSerialize: 'cb1e4e53ca45c6900a9640f97796fed6'
}
[handleMsg]:  {
  key: {
    remoteJid: '573229362262@s.whatsapp.net',
    fromMe: false,
    id: '3A23AC87992EF95D8003',
    participant: undefined
  },
  messageTimestamp: 1710116392,
  pushName: 'Andrey',
  broadcast: false,
  message: Message {
    conversation: '1',
    messageContextInfo: MessageContextInfo {
      deviceListMetadata: [DeviceListMetadata],
      deviceListMetadataVersion: 2
    }
  },
  body: '1',
  from: '573229362262'
}
[QUEUE_SE_ENVIO]:  {
  ref: 'ans_9c69016d-ae67-4696-b0b4-5cdf7d1f18ce',
  keyword: 'key_6118d47a-03a8-4685-ab96-60139cb4d27a',
  answer: ' 💁‍♂️ En un momento tu asesor personal se comunicara contigo',
  options: {
    media: null,
    buttons: [],
    capture: false,
    child: null,
    delay: 0,
    idle: null,
    ref: null,
    nested: [],
    keyword: {},
    callback: false
  },
  refSerialize: '2942618077c3869acc0b7114d25e447a'
}
[handleMsg]:  {
  key: {
    remoteJid: '573229362262@s.whatsapp.net',
    fromMe: false,
    id: '3ABEFFEA263BA58314B1',
    participant: undefined
  },
  messageTimestamp: 1710116402,
  pushName: 'Andrey',
  broadcast: false,
  message: Message {
    stickerMessage: StickerMessage {
      url: 'https://mmg.whatsapp.net/v/t62.15575-24/35496778_25005356209079958_2719617333230561053_n.enc?ccb=11-4&oh=01_AdSKxyqAkZaGwEJMFbaFGaWTwkDRVPc7WSWnopS-AvIwOw&oe=6615A992&_nc_sid=5e03e0&mms3=true',
      fileSha256: [Uint8Array],
      fileEncSha256: [Uint8Array],
      mediaKey: [Uint8Array],
      mimetype: 'image/webp',
      height: 512,
      width: 512,
      directPath: '/v/t62.15575-24/35496778_25005356209079958_2719617333230561053_n.enc?ccb=11-4&oh=01_AdSKxyqAkZaGwEJMFbaFGaWTwkDRVPc7WSWnopS-AvIwOw&oe=6615A992&_nc_sid=5e03e0',
      fileLength: [Long],
      mediaKeyTimestamp: [Long],
      isAnimated: false,
      stickerSentTs: [Long],
      isAvatar: false
    },
    messageContextInfo: MessageContextInfo {
      deviceListMetadata: [DeviceListMetadata],
      deviceListMetadataVersion: 2
    }
  },
  body: '_event_media__194f4c91-38eb-41e1-b5f8-1698915ffb34',
  from: '573229362262'
}
[QUEUE_SE_ENVIO]:  {
  ref: 'ans_6db818e7-ffaa-45bc-85c4-3239ade55617',
  keyword: 'key_dc652037-859f-4160-af3a-0908c5304754',
  answer: 'En un momento te confirmaremos si tu pago fue exitoso🫰💹💵',
  options: {
    media: null,
    buttons: [],
    capture: false,
    child: null,
    delay: 0,
    idle: null,
    ref: null,
    nested: [],
    keyword: {},
    callback: false
  },
  refSerialize: 'a2135f21e9bc7dce3567f681e6748d7c'
}
