18494355601:ENCOLADO ans_20494585-07a9-4a45-930e-06bd7b3e2639
EJECUTANDO:ans_20494585-07a9-4a45-930e-06bd7b3e2639
18494355601:SUCCESS
18494355601:ENCOLADO ans_686a995a-4bae-4d26-84d2-ace616e9feeb
EJECUTANDO:ans_686a995a-4bae-4d26-84d2-ace616e9feeb
18494355601:SUCCESS
18494355601:ENCOLADO ans_94f6019c-621c-4c2f-8189-c173e2ff2c2a
EJECUTANDO:ans_94f6019c-621c-4c2f-8189-c173e2ff2c2a
18494355601:SUCCESS
18494355601:ENCOLADO ans_7523bae9-1a1c-4f13-9097-f6b12b714165
EJECUTANDO:ans_7523bae9-1a1c-4f13-9097-f6b12b714165
18494355601:SUCCESS
18494355601:ENCOLADO ans_20494585-07a9-4a45-930e-06bd7b3e2639
EJECUTANDO:ans_20494585-07a9-4a45-930e-06bd7b3e2639
18494355601:SUCCESS
18494355601:ENCOLADO ans_686a995a-4bae-4d26-84d2-ace616e9feeb
EJECUTANDO:ans_686a995a-4bae-4d26-84d2-ace616e9feeb
18494355601:SUCCESS
18494355601:ENCOLADO ans_94f6019c-621c-4c2f-8189-c173e2ff2c2a
EJECUTANDO:ans_94f6019c-621c-4c2f-8189-c173e2ff2c2a
18494355601:SUCCESS
18494355601:ENCOLADO ans_db8a5520-8975-4984-9efb-348a4bbfc7db
EJECUTANDO:ans_db8a5520-8975-4984-9efb-348a4bbfc7db
18494355601:SUCCESS
18494355601:ENCOLADO ans_20494585-07a9-4a45-930e-06bd7b3e2639
EJECUTANDO:ans_20494585-07a9-4a45-930e-06bd7b3e2639
18494355601:SUCCESS
18494355601:ENCOLADO ans_686a995a-4bae-4d26-84d2-ace616e9feeb
EJECUTANDO:ans_686a995a-4bae-4d26-84d2-ace616e9feeb
18494355601:SUCCESS
18494355601:ENCOLADO ans_94f6019c-621c-4c2f-8189-c173e2ff2c2a
EJECUTANDO:ans_94f6019c-621c-4c2f-8189-c173e2ff2c2a
18494355601:SUCCESS
18494355601:ENCOLADO ans_9c69016d-ae67-4696-b0b4-5cdf7d1f18ce
EJECUTANDO:ans_9c69016d-ae67-4696-b0b4-5cdf7d1f18ce
18494355601:SUCCESS
18494355601:ENCOLADO ans_20494585-07a9-4a45-930e-06bd7b3e2639
EJECUTANDO:ans_20494585-07a9-4a45-930e-06bd7b3e2639
18494355601:SUCCESS
18494355601:ENCOLADO ans_686a995a-4bae-4d26-84d2-ace616e9feeb
EJECUTANDO:ans_686a995a-4bae-4d26-84d2-ace616e9feeb
18494355601:SUCCESS
18494355601:ENCOLADO ans_94f6019c-621c-4c2f-8189-c173e2ff2c2a
EJECUTANDO:ans_94f6019c-621c-4c2f-8189-c173e2ff2c2a
18494355601:SUCCESS
18494355601:ENCOLADO ans_db8a5520-8975-4984-9efb-348a4bbfc7db
EJECUTANDO:ans_db8a5520-8975-4984-9efb-348a4bbfc7db
18494355601:SUCCESS
18494355601:ENCOLADO ans_20494585-07a9-4a45-930e-06bd7b3e2639
EJECUTANDO:ans_20494585-07a9-4a45-930e-06bd7b3e2639
18494355601:SUCCESS
18494355601:ENCOLADO ans_686a995a-4bae-4d26-84d2-ace616e9feeb
EJECUTANDO:ans_686a995a-4bae-4d26-84d2-ace616e9feeb
18494355601:SUCCESS
18494355601:ENCOLADO ans_94f6019c-621c-4c2f-8189-c173e2ff2c2a
EJECUTANDO:ans_94f6019c-621c-4c2f-8189-c173e2ff2c2a
18494355601:SUCCESS
18494355601:ENCOLADO ans_2e2be04d-6c7a-4206-97e1-e80f441920eb
EJECUTANDO:ans_2e2be04d-6c7a-4206-97e1-e80f441920eb
18494355601:SUCCESS
18494355601:ENCOLADO ans_20494585-07a9-4a45-930e-06bd7b3e2639
EJECUTANDO:ans_20494585-07a9-4a45-930e-06bd7b3e2639
18494355601:SUCCESS
18494355601:ENCOLADO ans_686a995a-4bae-4d26-84d2-ace616e9feeb
EJECUTANDO:ans_686a995a-4bae-4d26-84d2-ace616e9feeb
18494355601:SUCCESS
18494355601:ENCOLADO ans_94f6019c-621c-4c2f-8189-c173e2ff2c2a
EJECUTANDO:ans_94f6019c-621c-4c2f-8189-c173e2ff2c2a
18494355601:SUCCESS
18494355601:ENCOLADO ans_db8a5520-8975-4984-9efb-348a4bbfc7db
EJECUTANDO:ans_db8a5520-8975-4984-9efb-348a4bbfc7db
18494355601:SUCCESS
18494355601:ENCOLADO ans_20494585-07a9-4a45-930e-06bd7b3e2639
EJECUTANDO:ans_20494585-07a9-4a45-930e-06bd7b3e2639
18494355601:SUCCESS
18494355601:ENCOLADO ans_686a995a-4bae-4d26-84d2-ace616e9feeb
EJECUTANDO:ans_686a995a-4bae-4d26-84d2-ace616e9feeb
18494355601:SUCCESS
18494355601:ENCOLADO ans_94f6019c-621c-4c2f-8189-c173e2ff2c2a
EJECUTANDO:ans_94f6019c-621c-4c2f-8189-c173e2ff2c2a
18494355601:SUCCESS
18494355601:ENCOLADO ans_7523bae9-1a1c-4f13-9097-f6b12b714165
EJECUTANDO:ans_7523bae9-1a1c-4f13-9097-f6b12b714165
18494355601:SUCCESS
18494355601:ENCOLADO ans_20494585-07a9-4a45-930e-06bd7b3e2639
EJECUTANDO:ans_20494585-07a9-4a45-930e-06bd7b3e2639
18494355601:SUCCESS
18494355601:ENCOLADO ans_686a995a-4bae-4d26-84d2-ace616e9feeb
EJECUTANDO:ans_686a995a-4bae-4d26-84d2-ace616e9feeb
18494355601:SUCCESS
18494355601:ENCOLADO ans_94f6019c-621c-4c2f-8189-c173e2ff2c2a
EJECUTANDO:ans_94f6019c-621c-4c2f-8189-c173e2ff2c2a
18494355601:SUCCESS
18494355601:ENCOLADO ans_7523bae9-1a1c-4f13-9097-f6b12b714165
EJECUTANDO:ans_7523bae9-1a1c-4f13-9097-f6b12b714165
18494355601:SUCCESS
18494355601:ENCOLADO ans_20494585-07a9-4a45-930e-06bd7b3e2639
EJECUTANDO:ans_20494585-07a9-4a45-930e-06bd7b3e2639
18494355601:SUCCESS
18494355601:ENCOLADO ans_686a995a-4bae-4d26-84d2-ace616e9feeb
EJECUTANDO:ans_686a995a-4bae-4d26-84d2-ace616e9feeb
18494355601:SUCCESS
18494355601:ENCOLADO ans_94f6019c-621c-4c2f-8189-c173e2ff2c2a
EJECUTANDO:ans_94f6019c-621c-4c2f-8189-c173e2ff2c2a
18494355601:SUCCESS
18494355601:ENCOLADO ans_d19857f2-79b1-44e9-bb56-b09d9bd6699a
EJECUTANDO:ans_d19857f2-79b1-44e9-bb56-b09d9bd6699a
18494355601:SUCCESS
18494355601:ENCOLADO ans_20494585-07a9-4a45-930e-06bd7b3e2639
EJECUTANDO:ans_20494585-07a9-4a45-930e-06bd7b3e2639
18494355601:SUCCESS
18494355601:ENCOLADO ans_686a995a-4bae-4d26-84d2-ace616e9feeb
EJECUTANDO:ans_686a995a-4bae-4d26-84d2-ace616e9feeb
18494355601:SUCCESS
18494355601:ENCOLADO ans_94f6019c-621c-4c2f-8189-c173e2ff2c2a
EJECUTANDO:ans_94f6019c-621c-4c2f-8189-c173e2ff2c2a
18494355601:SUCCESS
18494355601:ENCOLADO ans_9c69016d-ae67-4696-b0b4-5cdf7d1f18ce
EJECUTANDO:ans_9c69016d-ae67-4696-b0b4-5cdf7d1f18ce
18494355601:SUCCESS
18494355601:ENCOLADO ans_20494585-07a9-4a45-930e-06bd7b3e2639
EJECUTANDO:ans_20494585-07a9-4a45-930e-06bd7b3e2639
18494355601:SUCCESS
18494355601:ENCOLADO ans_686a995a-4bae-4d26-84d2-ace616e9feeb
EJECUTANDO:ans_686a995a-4bae-4d26-84d2-ace616e9feeb
18494355601:SUCCESS
18494355601:ENCOLADO ans_94f6019c-621c-4c2f-8189-c173e2ff2c2a
EJECUTANDO:ans_94f6019c-621c-4c2f-8189-c173e2ff2c2a
18494355601:SUCCESS
18494355601:ENCOLADO ans_9c69016d-ae67-4696-b0b4-5cdf7d1f18ce
EJECUTANDO:ans_9c69016d-ae67-4696-b0b4-5cdf7d1f18ce
18494355601:SUCCESS
18494355601:ENCOLADO ans_20494585-07a9-4a45-930e-06bd7b3e2639
EJECUTANDO:ans_20494585-07a9-4a45-930e-06bd7b3e2639
18494355601:SUCCESS
18494355601:ENCOLADO ans_686a995a-4bae-4d26-84d2-ace616e9feeb
EJECUTANDO:ans_686a995a-4bae-4d26-84d2-ace616e9feeb
18494355601:SUCCESS
18494355601:ENCOLADO ans_94f6019c-621c-4c2f-8189-c173e2ff2c2a
EJECUTANDO:ans_94f6019c-621c-4c2f-8189-c173e2ff2c2a
18494355601:SUCCESS
18494355601:ENCOLADO ans_6044ff23-9d76-46b8-8424-3a0245a20f1a
EJECUTANDO:ans_6044ff23-9d76-46b8-8424-3a0245a20f1a
18494355601:SUCCESS
18494355601:ENCOLADO ans_20494585-07a9-4a45-930e-06bd7b3e2639
EJECUTANDO:ans_20494585-07a9-4a45-930e-06bd7b3e2639
18494355601:SUCCESS
18494355601:ENCOLADO ans_686a995a-4bae-4d26-84d2-ace616e9feeb
EJECUTANDO:ans_686a995a-4bae-4d26-84d2-ace616e9feeb
18494355601:SUCCESS
18494355601:ENCOLADO ans_94f6019c-621c-4c2f-8189-c173e2ff2c2a
EJECUTANDO:ans_94f6019c-621c-4c2f-8189-c173e2ff2c2a
18494355601:SUCCESS
18494355601:ENCOLADO ans_2e2be04d-6c7a-4206-97e1-e80f441920eb
EJECUTANDO:ans_2e2be04d-6c7a-4206-97e1-e80f441920eb
18494355601:SUCCESS
18494355601:ENCOLADO ans_20494585-07a9-4a45-930e-06bd7b3e2639
EJECUTANDO:ans_20494585-07a9-4a45-930e-06bd7b3e2639
18494355601:SUCCESS
18494355601:ENCOLADO ans_686a995a-4bae-4d26-84d2-ace616e9feeb
EJECUTANDO:ans_686a995a-4bae-4d26-84d2-ace616e9feeb
18494355601:SUCCESS
18494355601:ENCOLADO ans_94f6019c-621c-4c2f-8189-c173e2ff2c2a
EJECUTANDO:ans_94f6019c-621c-4c2f-8189-c173e2ff2c2a
18494355601:SUCCESS
18494355601:ENCOLADO ans_7523bae9-1a1c-4f13-9097-f6b12b714165
EJECUTANDO:ans_7523bae9-1a1c-4f13-9097-f6b12b714165
18494355601:SUCCESS
573103303982:ENCOLADO ans_6db818e7-ffaa-45bc-85c4-3239ade55617
EJECUTANDO:ans_6db818e7-ffaa-45bc-85c4-3239ade55617
573103303982:SUCCESS
573229362262:ENCOLADO ans_20494585-07a9-4a45-930e-06bd7b3e2639
EJECUTANDO:ans_20494585-07a9-4a45-930e-06bd7b3e2639
573229362262:SUCCESS
573229362262:ENCOLADO ans_686a995a-4bae-4d26-84d2-ace616e9feeb
EJECUTANDO:ans_686a995a-4bae-4d26-84d2-ace616e9feeb
573229362262:SUCCESS
573229362262:ENCOLADO ans_94f6019c-621c-4c2f-8189-c173e2ff2c2a
EJECUTANDO:ans_94f6019c-621c-4c2f-8189-c173e2ff2c2a
573229362262:SUCCESS
573229362262:ENCOLADO ans_20494585-07a9-4a45-930e-06bd7b3e2639
EJECUTANDO:ans_20494585-07a9-4a45-930e-06bd7b3e2639
573229362262:SUCCESS
573229362262:ENCOLADO ans_686a995a-4bae-4d26-84d2-ace616e9feeb
EJECUTANDO:ans_686a995a-4bae-4d26-84d2-ace616e9feeb
573229362262:SUCCESS
573229362262:ENCOLADO ans_94f6019c-621c-4c2f-8189-c173e2ff2c2a
EJECUTANDO:ans_94f6019c-621c-4c2f-8189-c173e2ff2c2a
573229362262:SUCCESS
573229362262:ENCOLADO ans_9c69016d-ae67-4696-b0b4-5cdf7d1f18ce
EJECUTANDO:ans_9c69016d-ae67-4696-b0b4-5cdf7d1f18ce
573229362262:SUCCESS
573229362262:ENCOLADO ans_6db818e7-ffaa-45bc-85c4-3239ade55617
EJECUTANDO:ans_6db818e7-ffaa-45bc-85c4-3239ade55617
573229362262:SUCCESS
